<?xml version="1.0" encoding="UTF-8"?>
<!-- Generated by org.testng.reporters.JUnitXMLReporter -->
<testsuite ignored="0" hostname="LAPTOP-2PKD5ORT" failures="0" tests="1" name="ChromeTest" time="0.087" errors="0" timestamp="2024-10-07T18:15:05 IST">
  <testcase classname="tests.BaseClass" name="@BeforeClass setup" time="-1.728305105374E9">
    <failure type="org.testng.TestNGException" message="
Parameter &amp;apos;browserName&amp;apos; is required by BeforeClass on method setup but has not been marked @Optional or defined
in C:\Users\Mukul Bhate\eclipse-workspace\MyShop\userwithvaliddetails.xml">
      <![CDATA[org.testng.TestNGException: 
Parameter 'browserName' is required by BeforeClass on method setup but has not been marked @Optional or defined
in C:\Users\Mukul Bhate\eclipse-workspace\MyShop\userwithvaliddetails.xml
at java.base/java.util.ArrayList.forEach(ArrayList.java:1511)
... Removed 22 stack frames]]>
    </failure>
  </testcase> <!-- @BeforeClass setup -->
  <testcase classname="tests.BaseClass" name="@AfterClass tearDown" time="0.0">
    <skipped/>
  </testcase> <!-- @AfterClass tearDown -->
  <testcase classname="tests.UserAccountPage" name="VerifyUserClickOnSignin" time="0.0">
    <skipped/>
  </testcase> <!-- VerifyUserClickOnSignin -->
</testsuite> <!-- ChromeTest -->
